[debug] [2025-01-07T17:51:24.504Z] [Firebase Plugin] Activating Firebase extension.
[info] [Firebase Plugin] Checked firebase-tools, is up to date!
[debug] [2025-01-07T17:51:27.666Z] [Firebase Plugin] VSCode notification server listening on port 40001
[info] [Firebase Plugin] Starting Data Connect toolkit on port 50001
[info] i  dataconnect: downloading dataconnect-emulator-1.7.5.exe... {"metadata":{"emulator":{"name":"dataconnect"},"message":"downloading dataconnect-emulator-1.7.5.exe..."}}
[debug] [2025-01-07T17:51:27.787Z] >>> [apiv2][query] GET https://storage.googleapis.com/firemat-preview-drop/emulator/dataconnect-emulator-windows-v1.7.5 
[debug] [2025-01-07T17:51:28.146Z] <<< [apiv2][status] GET https://storage.googleapis.com/firemat-preview-drop/emulator/dataconnect-emulator-windows-v1.7.5 200
[debug] [2025-01-07T17:51:28.146Z] <<< [apiv2][body] GET https://storage.googleapis.com/firemat-preview-drop/emulator/dataconnect-emulator-windows-v1.7.5 [stream]
[debug] [2025-01-07T17:51:29.483Z] 'fdc build' failed with error: Unable to build your Data Connect schema and connectors (exit code 1): E0107 09:51:29.486421   32416 cmd.go:43] Error loading data connect config: could not find dataconnect.yaml in `d:\web-development\striae\dataconnect`
 {"metadata":{"emulator":{"name":"dataconnect"},"message":"'fdc build' failed with error: Unable to build your Data Connect schema and connectors (exit code 1): E0107 09:51:29.486421   32416 cmd.go:43] Error loading data connect config: could not find dataconnect.yaml in `d:\\web-development\\striae\\dataconnect`\n"}}
[debug] [2025-01-07T17:51:29.484Z] Ignoring unsupported arg: auto_download {"metadata":{"emulator":{"name":"dataconnect"},"message":"Ignoring unsupported arg: auto_download"}}
[debug] [2025-01-07T17:51:29.484Z] Ignoring unsupported arg: port {"metadata":{"emulator":{"name":"dataconnect"},"message":"Ignoring unsupported arg: port"}}
[debug] [2025-01-07T17:51:29.484Z] Starting Data Connect Emulator with command {"binary":"C:\\Users\\dtran\\.cache\\firebase\\emulators\\dataconnect-emulator-1.7.5.exe","args":["--logtostderr","-v=2","dev","--listen=localhost:50001","--config_dir=d:\\web-development\\striae\\dataconnect","--enable_output_schema_extensions=true","--enable_output_generated_sdk=true"],"optionalArgs":["listen","config_dir","enable_output_schema_extensions","enable_output_generated_sdk"],"joinArgs":true,"shell":false,"port":9399} {"metadata":{"emulator":{"name":"dataconnect"},"message":"Starting Data Connect Emulator with command {\"binary\":\"C:\\\\Users\\\\dtran\\\\.cache\\\\firebase\\\\emulators\\\\dataconnect-emulator-1.7.5.exe\",\"args\":[\"--logtostderr\",\"-v=2\",\"dev\",\"--listen=localhost:50001\",\"--config_dir=d:\\\\web-development\\\\striae\\\\dataconnect\",\"--enable_output_schema_extensions=true\",\"--enable_output_generated_sdk=true\"],\"optionalArgs\":[\"listen\",\"config_dir\",\"enable_output_schema_extensions\",\"enable_output_generated_sdk\"],\"joinArgs\":true,\"shell\":false,\"port\":9399}"}}
[info] i  dataconnect: Data Connect Emulator logging to dataconnect-debug.log {"metadata":{"emulator":{"name":"dataconnect"},"message":"Data Connect Emulator logging to \u001b[1mdataconnect-debug.log\u001b[22m"}}
[debug] [2025-01-07T17:51:29.510Z] E0107 09:51:29.518300   28164 load.go:23] Could not load config from "d:\\web-development\\striae\\dataconnect": could not find dataconnect.yaml in `d:\web-development\striae\dataconnect`
 {"metadata":{"emulator":{"name":"dataconnect"},"message":"E0107 09:51:29.518300   28164 load.go:23] Could not load config from \"d:\\\\web-development\\\\striae\\\\dataconnect\": could not find dataconnect.yaml in `d:\\web-development\\striae\\dataconnect`\n"}}
[debug] [2025-01-07T17:51:29.511Z] E0107 09:51:29.519328   28164 watch.go:75] watchAllDir unable to walk dir `d:\web-development\striae\dataconnect`: on path "d:\\web-development\\striae\\dataconnect" (DirEntry: <nil>): CreateFile d:\web-development\striae\dataconnect: The system cannot find the file specified.
 {"metadata":{"emulator":{"name":"dataconnect"},"message":"E0107 09:51:29.519328   28164 watch.go:75] watchAllDir unable to walk dir `d:\\web-development\\striae\\dataconnect`: on path \"d:\\\\web-development\\\\striae\\\\dataconnect\" (DirEntry: <nil>): CreateFile d:\\web-development\\striae\\dataconnect: The system cannot find the file specified.\n"}}
[debug] [2025-01-07T17:51:29.517Z] I0107 09:51:29.525498   28164 dev.go:95] Listening on address (HTTP + gRPC): 127.0.0.1:50001
 {"metadata":{"emulator":{"name":"dataconnect"},"message":"I0107 09:51:29.525498   28164 dev.go:95] Listening on address (HTTP + gRPC): 127.0.0.1:50001\n"}}
[error] [Firebase Plugin] error:  {}
[info] [Firebase Plugin] Stopping Data Connect toolkit
[warn] !  Data Connect Emulator has exited upon receiving signal: SIGINT 
[debug] [2025-01-07T17:51:36.360Z] [Firebase Plugin] Activating Firebase extension.
[info] [Firebase Plugin] Checked firebase-tools, is up to date!
[debug] [2025-01-07T17:51:39.917Z] [Firebase Plugin] VSCode notification server listening on port 40001
[info] [Firebase Plugin] Starting Data Connect toolkit on port 50001
[debug] [2025-01-07T17:51:40.068Z] 'fdc build' failed with error: Unable to build your Data Connect schema and connectors (exit code 1): E0107 09:51:40.065434    5812 cmd.go:43] Error loading data connect config: could not find dataconnect.yaml in `d:\web-development\striae\dataconnect`
 {"metadata":{"emulator":{"name":"dataconnect"},"message":"'fdc build' failed with error: Unable to build your Data Connect schema and connectors (exit code 1): E0107 09:51:40.065434    5812 cmd.go:43] Error loading data connect config: could not find dataconnect.yaml in `d:\\web-development\\striae\\dataconnect`\n"}}
[debug] [2025-01-07T17:51:40.069Z] Ignoring unsupported arg: auto_download {"metadata":{"emulator":{"name":"dataconnect"},"message":"Ignoring unsupported arg: auto_download"}}
[debug] [2025-01-07T17:51:40.069Z] Ignoring unsupported arg: port {"metadata":{"emulator":{"name":"dataconnect"},"message":"Ignoring unsupported arg: port"}}
[debug] [2025-01-07T17:51:40.069Z] Starting Data Connect Emulator with command {"binary":"C:\\Users\\dtran\\.cache\\firebase\\emulators\\dataconnect-emulator-1.7.5.exe","args":["--logtostderr","-v=2","dev","--listen=localhost:50001","--config_dir=d:\\web-development\\striae\\dataconnect","--enable_output_schema_extensions=true","--enable_output_generated_sdk=true"],"optionalArgs":["listen","config_dir","enable_output_schema_extensions","enable_output_generated_sdk"],"joinArgs":true,"shell":false,"port":9399} {"metadata":{"emulator":{"name":"dataconnect"},"message":"Starting Data Connect Emulator with command {\"binary\":\"C:\\\\Users\\\\dtran\\\\.cache\\\\firebase\\\\emulators\\\\dataconnect-emulator-1.7.5.exe\",\"args\":[\"--logtostderr\",\"-v=2\",\"dev\",\"--listen=localhost:50001\",\"--config_dir=d:\\\\web-development\\\\striae\\\\dataconnect\",\"--enable_output_schema_extensions=true\",\"--enable_output_generated_sdk=true\"],\"optionalArgs\":[\"listen\",\"config_dir\",\"enable_output_schema_extensions\",\"enable_output_generated_sdk\"],\"joinArgs\":true,\"shell\":false,\"port\":9399}"}}
[info] i  dataconnect: Data Connect Emulator logging to dataconnect-debug.log {"metadata":{"emulator":{"name":"dataconnect"},"message":"Data Connect Emulator logging to \u001b[1mdataconnect-debug.log\u001b[22m"}}
[debug] [2025-01-07T17:51:40.105Z] E0107 09:51:40.098056   12888 load.go:23] Could not load config from "d:\\web-development\\striae\\dataconnect": could not find dataconnect.yaml in `d:\web-development\striae\dataconnect`
E0107 09:51:40.098711   12888 watch.go:75] watchAllDir unable to walk dir `d:\web-development\striae\dataconnect`: on path "d:\\web-development\\striae\\dataconnect" (DirEntry: <nil>): CreateFile d:\web-development\striae\dataconnect: The system cannot find the file specified.
 {"metadata":{"emulator":{"name":"dataconnect"},"message":"E0107 09:51:40.098056   12888 load.go:23] Could not load config from \"d:\\\\web-development\\\\striae\\\\dataconnect\": could not find dataconnect.yaml in `d:\\web-development\\striae\\dataconnect`\nE0107 09:51:40.098711   12888 watch.go:75] watchAllDir unable to walk dir `d:\\web-development\\striae\\dataconnect`: on path \"d:\\\\web-development\\\\striae\\\\dataconnect\" (DirEntry: <nil>): CreateFile d:\\web-development\\striae\\dataconnect: The system cannot find the file specified.\n"}}
[debug] [2025-01-07T17:51:40.116Z] I0107 09:51:40.109093   12888 dev.go:95] Listening on address (HTTP + gRPC): 127.0.0.1:50001
 {"metadata":{"emulator":{"name":"dataconnect"},"message":"I0107 09:51:40.109093   12888 dev.go:95] Listening on address (HTTP + gRPC): 127.0.0.1:50001\n"}}
[error] [Firebase Plugin] error:  {}
[debug] [2025-01-07T17:51:50.107Z] E0107 09:51:50.107642   12888 load.go:23] Could not load config from "d:\\web-development\\striae\\dataconnect": could not find dataconnect.yaml in `d:\web-development\striae\dataconnect`
 {"metadata":{"emulator":{"name":"dataconnect"},"message":"E0107 09:51:50.107642   12888 load.go:23] Could not load config from \"d:\\\\web-development\\\\striae\\\\dataconnect\": could not find dataconnect.yaml in `d:\\web-development\\striae\\dataconnect`\n"}}
[debug] [2025-01-07T17:52:00.114Z] E0107 09:52:00.114027   12888 load.go:23] Could not load config from "d:\\web-development\\striae\\dataconnect": could not find dataconnect.yaml in `d:\web-development\striae\dataconnect`
 {"metadata":{"emulator":{"name":"dataconnect"},"message":"E0107 09:52:00.114027   12888 load.go:23] Could not load config from \"d:\\\\web-development\\\\striae\\\\dataconnect\": could not find dataconnect.yaml in `d:\\web-development\\striae\\dataconnect`\n"}}
[debug] [2025-01-07T17:52:10.103Z] E0107 09:52:10.103438   12888 load.go:23] Could not load config from "d:\\web-development\\striae\\dataconnect": could not find dataconnect.yaml in `d:\web-development\striae\dataconnect`
 {"metadata":{"emulator":{"name":"dataconnect"},"message":"E0107 09:52:10.103438   12888 load.go:23] Could not load config from \"d:\\\\web-development\\\\striae\\\\dataconnect\": could not find dataconnect.yaml in `d:\\web-development\\striae\\dataconnect`\n"}}
[debug] [2025-01-07T17:52:20.101Z] E0107 09:52:20.101214   12888 load.go:23] Could not load config from "d:\\web-development\\striae\\dataconnect": could not find dataconnect.yaml in `d:\web-development\striae\dataconnect`
 {"metadata":{"emulator":{"name":"dataconnect"},"message":"E0107 09:52:20.101214   12888 load.go:23] Could not load config from \"d:\\\\web-development\\\\striae\\\\dataconnect\": could not find dataconnect.yaml in `d:\\web-development\\striae\\dataconnect`\n"}}
[debug] [2025-01-07T17:52:30.118Z] E0107 09:52:30.111074   12888 load.go:23] Could not load config from "d:\\web-development\\striae\\dataconnect": could not find dataconnect.yaml in `d:\web-development\striae\dataconnect`
 {"metadata":{"emulator":{"name":"dataconnect"},"message":"E0107 09:52:30.111074   12888 load.go:23] Could not load config from \"d:\\\\web-development\\\\striae\\\\dataconnect\": could not find dataconnect.yaml in `d:\\web-development\\striae\\dataconnect`\n"}}
[debug] [2025-01-07T17:52:40.110Z] E0107 09:52:40.110526   12888 load.go:23] Could not load config from "d:\\web-development\\striae\\dataconnect": could not find dataconnect.yaml in `d:\web-development\striae\dataconnect`
 {"metadata":{"emulator":{"name":"dataconnect"},"message":"E0107 09:52:40.110526   12888 load.go:23] Could not load config from \"d:\\\\web-development\\\\striae\\\\dataconnect\": could not find dataconnect.yaml in `d:\\web-development\\striae\\dataconnect`\n"}}
[debug] [2025-01-07T17:52:50.098Z] E0107 09:52:50.098928   12888 load.go:23] Could not load config from "d:\\web-development\\striae\\dataconnect": could not find dataconnect.yaml in `d:\web-development\striae\dataconnect`
 {"metadata":{"emulator":{"name":"dataconnect"},"message":"E0107 09:52:50.098928   12888 load.go:23] Could not load config from \"d:\\\\web-development\\\\striae\\\\dataconnect\": could not find dataconnect.yaml in `d:\\web-development\\striae\\dataconnect`\n"}}
[debug] [2025-01-07T17:53:00.100Z] E0107 09:53:00.101317   12888 load.go:23] Could not load config from "d:\\web-development\\striae\\dataconnect": could not find dataconnect.yaml in `d:\web-development\striae\dataconnect`
 {"metadata":{"emulator":{"name":"dataconnect"},"message":"E0107 09:53:00.101317   12888 load.go:23] Could not load config from \"d:\\\\web-development\\\\striae\\\\dataconnect\": could not find dataconnect.yaml in `d:\\web-development\\striae\\dataconnect`\n"}}
[debug] [2025-01-07T17:53:10.103Z] E0107 09:53:10.103939   12888 load.go:23] Could not load config from "d:\\web-development\\striae\\dataconnect": could not find dataconnect.yaml in `d:\web-development\striae\dataconnect`
 {"metadata":{"emulator":{"name":"dataconnect"},"message":"E0107 09:53:10.103939   12888 load.go:23] Could not load config from \"d:\\\\web-development\\\\striae\\\\dataconnect\": could not find dataconnect.yaml in `d:\\web-development\\striae\\dataconnect`\n"}}
[debug] [2025-01-07T17:53:20.108Z] E0107 09:53:20.108879   12888 load.go:23] Could not load config from "d:\\web-development\\striae\\dataconnect": could not find dataconnect.yaml in `d:\web-development\striae\dataconnect`
 {"metadata":{"emulator":{"name":"dataconnect"},"message":"E0107 09:53:20.108879   12888 load.go:23] Could not load config from \"d:\\\\web-development\\\\striae\\\\dataconnect\": could not find dataconnect.yaml in `d:\\web-development\\striae\\dataconnect`\n"}}
[debug] [2025-01-07T17:53:30.100Z] E0107 09:53:30.100572   12888 load.go:23] Could not load config from "d:\\web-development\\striae\\dataconnect": could not find dataconnect.yaml in `d:\web-development\striae\dataconnect`
 {"metadata":{"emulator":{"name":"dataconnect"},"message":"E0107 09:53:30.100572   12888 load.go:23] Could not load config from \"d:\\\\web-development\\\\striae\\\\dataconnect\": could not find dataconnect.yaml in `d:\\web-development\\striae\\dataconnect`\n"}}
[debug] [2025-01-07T17:53:40.109Z] E0107 09:53:40.109491   12888 load.go:23] Could not load config from "d:\\web-development\\striae\\dataconnect": could not find dataconnect.yaml in `d:\web-development\striae\dataconnect`
 {"metadata":{"emulator":{"name":"dataconnect"},"message":"E0107 09:53:40.109491   12888 load.go:23] Could not load config from \"d:\\\\web-development\\\\striae\\\\dataconnect\": could not find dataconnect.yaml in `d:\\web-development\\striae\\dataconnect`\n"}}
[debug] [2025-01-07T17:53:40.110Z] E0107 09:53:40.110006   12888 watch.go:75] watchAllDir unable to walk dir `d:\web-development\striae\dataconnect`: on path "d:\\web-development\\striae\\dataconnect" (DirEntry: <nil>): CreateFile d:\web-development\striae\dataconnect: The system cannot find the file specified.
 {"metadata":{"emulator":{"name":"dataconnect"},"message":"E0107 09:53:40.110006   12888 watch.go:75] watchAllDir unable to walk dir `d:\\web-development\\striae\\dataconnect`: on path \"d:\\\\web-development\\\\striae\\\\dataconnect\" (DirEntry: <nil>): CreateFile d:\\web-development\\striae\\dataconnect: The system cannot find the file specified.\n"}}
[debug] [2025-01-07T17:53:50.110Z] E0107 09:53:50.110866   12888 load.go:23] Could not load config from "d:\\web-development\\striae\\dataconnect": could not find dataconnect.yaml in `d:\web-development\striae\dataconnect`
 {"metadata":{"emulator":{"name":"dataconnect"},"message":"E0107 09:53:50.110866   12888 load.go:23] Could not load config from \"d:\\\\web-development\\\\striae\\\\dataconnect\": could not find dataconnect.yaml in `d:\\web-development\\striae\\dataconnect`\n"}}
[debug] [2025-01-07T17:54:00.109Z] E0107 09:54:00.109092   12888 load.go:23] Could not load config from "d:\\web-development\\striae\\dataconnect": could not find dataconnect.yaml in `d:\web-development\striae\dataconnect`
 {"metadata":{"emulator":{"name":"dataconnect"},"message":"E0107 09:54:00.109092   12888 load.go:23] Could not load config from \"d:\\\\web-development\\\\striae\\\\dataconnect\": could not find dataconnect.yaml in `d:\\web-development\\striae\\dataconnect`\n"}}
[debug] [2025-01-07T17:54:10.108Z] E0107 09:54:10.108547   12888 load.go:23] Could not load config from "d:\\web-development\\striae\\dataconnect": could not find dataconnect.yaml in `d:\web-development\striae\dataconnect`
 {"metadata":{"emulator":{"name":"dataconnect"},"message":"E0107 09:54:10.108547   12888 load.go:23] Could not load config from \"d:\\\\web-development\\\\striae\\\\dataconnect\": could not find dataconnect.yaml in `d:\\web-development\\striae\\dataconnect`\n"}}
[debug] [2025-01-07T17:54:20.108Z] E0107 09:54:20.108597   12888 load.go:23] Could not load config from "d:\\web-development\\striae\\dataconnect": could not find dataconnect.yaml in `d:\web-development\striae\dataconnect`
 {"metadata":{"emulator":{"name":"dataconnect"},"message":"E0107 09:54:20.108597   12888 load.go:23] Could not load config from \"d:\\\\web-development\\\\striae\\\\dataconnect\": could not find dataconnect.yaml in `d:\\web-development\\striae\\dataconnect`\n"}}
[debug] [2025-01-07T17:54:30.099Z] E0107 09:54:30.099077   12888 load.go:23] Could not load config from "d:\\web-development\\striae\\dataconnect": could not find dataconnect.yaml in `d:\web-development\striae\dataconnect`
 {"metadata":{"emulator":{"name":"dataconnect"},"message":"E0107 09:54:30.099077   12888 load.go:23] Could not load config from \"d:\\\\web-development\\\\striae\\\\dataconnect\": could not find dataconnect.yaml in `d:\\web-development\\striae\\dataconnect`\n"}}
[debug] [2025-01-07T17:54:40.110Z] E0107 09:54:40.110442   12888 load.go:23] Could not load config from "d:\\web-development\\striae\\dataconnect": could not find dataconnect.yaml in `d:\web-development\striae\dataconnect`
 {"metadata":{"emulator":{"name":"dataconnect"},"message":"E0107 09:54:40.110442   12888 load.go:23] Could not load config from \"d:\\\\web-development\\\\striae\\\\dataconnect\": could not find dataconnect.yaml in `d:\\web-development\\striae\\dataconnect`\n"}}
[debug] [2025-01-07T17:54:50.109Z] E0107 09:54:50.108979   12888 load.go:23] Could not load config from "d:\\web-development\\striae\\dataconnect": could not find dataconnect.yaml in `d:\web-development\striae\dataconnect`
 {"metadata":{"emulator":{"name":"dataconnect"},"message":"E0107 09:54:50.108979   12888 load.go:23] Could not load config from \"d:\\\\web-development\\\\striae\\\\dataconnect\": could not find dataconnect.yaml in `d:\\web-development\\striae\\dataconnect`\n"}}
[debug] [2025-01-07T17:55:00.107Z] E0107 09:55:00.107614   12888 load.go:23] Could not load config from "d:\\web-development\\striae\\dataconnect": could not find dataconnect.yaml in `d:\web-development\striae\dataconnect`
 {"metadata":{"emulator":{"name":"dataconnect"},"message":"E0107 09:55:00.107614   12888 load.go:23] Could not load config from \"d:\\\\web-development\\\\striae\\\\dataconnect\": could not find dataconnect.yaml in `d:\\web-development\\striae\\dataconnect`\n"}}
[debug] [2025-01-07T17:55:10.110Z] E0107 09:55:10.110049   12888 load.go:23] Could not load config from "d:\\web-development\\striae\\dataconnect": could not find dataconnect.yaml in `d:\web-development\striae\dataconnect`
 {"metadata":{"emulator":{"name":"dataconnect"},"message":"E0107 09:55:10.110049   12888 load.go:23] Could not load config from \"d:\\\\web-development\\\\striae\\\\dataconnect\": could not find dataconnect.yaml in `d:\\web-development\\striae\\dataconnect`\n"}}
[debug] [2025-01-07T17:55:20.113Z] E0107 09:55:20.109230   12888 load.go:23] Could not load config from "d:\\web-development\\striae\\dataconnect": could not find dataconnect.yaml in `d:\web-development\striae\dataconnect`
 {"metadata":{"emulator":{"name":"dataconnect"},"message":"E0107 09:55:20.109230   12888 load.go:23] Could not load config from \"d:\\\\web-development\\\\striae\\\\dataconnect\": could not find dataconnect.yaml in `d:\\web-development\\striae\\dataconnect`\n"}}
[debug] [2025-01-07T17:55:30.114Z] E0107 09:55:30.113876   12888 load.go:23] Could not load config from "d:\\web-development\\striae\\dataconnect": could not find dataconnect.yaml in `d:\web-development\striae\dataconnect`
 {"metadata":{"emulator":{"name":"dataconnect"},"message":"E0107 09:55:30.113876   12888 load.go:23] Could not load config from \"d:\\\\web-development\\\\striae\\\\dataconnect\": could not find dataconnect.yaml in `d:\\web-development\\striae\\dataconnect`\n"}}
[debug] [2025-01-07T17:55:40.108Z] E0107 09:55:40.108591   12888 load.go:23] Could not load config from "d:\\web-development\\striae\\dataconnect": could not find dataconnect.yaml in `d:\web-development\striae\dataconnect`
E0107 09:55:40.108591   12888 watch.go:75] watchAllDir unable to walk dir `d:\web-development\striae\dataconnect`: on path "d:\\web-development\\striae\\dataconnect" (DirEntry: <nil>): CreateFile d:\web-development\striae\dataconnect: The system cannot find the file specified.
 {"metadata":{"emulator":{"name":"dataconnect"},"message":"E0107 09:55:40.108591   12888 load.go:23] Could not load config from \"d:\\\\web-development\\\\striae\\\\dataconnect\": could not find dataconnect.yaml in `d:\\web-development\\striae\\dataconnect`\nE0107 09:55:40.108591   12888 watch.go:75] watchAllDir unable to walk dir `d:\\web-development\\striae\\dataconnect`: on path \"d:\\\\web-development\\\\striae\\\\dataconnect\" (DirEntry: <nil>): CreateFile d:\\web-development\\striae\\dataconnect: The system cannot find the file specified.\n"}}
[debug] [2025-01-07T17:55:50.109Z] E0107 09:55:50.109429   12888 load.go:23] Could not load config from "d:\\web-development\\striae\\dataconnect": could not find dataconnect.yaml in `d:\web-development\striae\dataconnect`
 {"metadata":{"emulator":{"name":"dataconnect"},"message":"E0107 09:55:50.109429   12888 load.go:23] Could not load config from \"d:\\\\web-development\\\\striae\\\\dataconnect\": could not find dataconnect.yaml in `d:\\web-development\\striae\\dataconnect`\n"}}
[debug] [2025-01-07T17:56:00.110Z] E0107 09:56:00.108176   12888 load.go:23] Could not load config from "d:\\web-development\\striae\\dataconnect": could not find dataconnect.yaml in `d:\web-development\striae\dataconnect`
 {"metadata":{"emulator":{"name":"dataconnect"},"message":"E0107 09:56:00.108176   12888 load.go:23] Could not load config from \"d:\\\\web-development\\\\striae\\\\dataconnect\": could not find dataconnect.yaml in `d:\\web-development\\striae\\dataconnect`\n"}}
[debug] [2025-01-07T17:56:10.104Z] E0107 09:56:10.103867   12888 load.go:23] Could not load config from "d:\\web-development\\striae\\dataconnect": could not find dataconnect.yaml in `d:\web-development\striae\dataconnect`
 {"metadata":{"emulator":{"name":"dataconnect"},"message":"E0107 09:56:10.103867   12888 load.go:23] Could not load config from \"d:\\\\web-development\\\\striae\\\\dataconnect\": could not find dataconnect.yaml in `d:\\web-development\\striae\\dataconnect`\n"}}
[debug] [2025-01-07T17:56:20.106Z] E0107 09:56:20.106412   12888 load.go:23] Could not load config from "d:\\web-development\\striae\\dataconnect": could not find dataconnect.yaml in `d:\web-development\striae\dataconnect`
 {"metadata":{"emulator":{"name":"dataconnect"},"message":"E0107 09:56:20.106412   12888 load.go:23] Could not load config from \"d:\\\\web-development\\\\striae\\\\dataconnect\": could not find dataconnect.yaml in `d:\\web-development\\striae\\dataconnect`\n"}}
[debug] [2025-01-07T17:56:30.108Z] E0107 09:56:30.108617   12888 load.go:23] Could not load config from "d:\\web-development\\striae\\dataconnect": could not find dataconnect.yaml in `d:\web-development\striae\dataconnect`
 {"metadata":{"emulator":{"name":"dataconnect"},"message":"E0107 09:56:30.108617   12888 load.go:23] Could not load config from \"d:\\\\web-development\\\\striae\\\\dataconnect\": could not find dataconnect.yaml in `d:\\web-development\\striae\\dataconnect`\n"}}
[debug] [2025-01-07T17:56:40.106Z] E0107 09:56:40.106483   12888 load.go:23] Could not load config from "d:\\web-development\\striae\\dataconnect": could not find dataconnect.yaml in `d:\web-development\striae\dataconnect`
 {"metadata":{"emulator":{"name":"dataconnect"},"message":"E0107 09:56:40.106483   12888 load.go:23] Could not load config from \"d:\\\\web-development\\\\striae\\\\dataconnect\": could not find dataconnect.yaml in `d:\\web-development\\striae\\dataconnect`\n"}}
[debug] [2025-01-07T17:56:50.106Z] E0107 09:56:50.106736   12888 load.go:23] Could not load config from "d:\\web-development\\striae\\dataconnect": could not find dataconnect.yaml in `d:\web-development\striae\dataconnect`
 {"metadata":{"emulator":{"name":"dataconnect"},"message":"E0107 09:56:50.106736   12888 load.go:23] Could not load config from \"d:\\\\web-development\\\\striae\\\\dataconnect\": could not find dataconnect.yaml in `d:\\web-development\\striae\\dataconnect`\n"}}
[debug] [2025-01-07T17:57:00.106Z] E0107 09:57:00.106196   12888 load.go:23] Could not load config from "d:\\web-development\\striae\\dataconnect": could not find dataconnect.yaml in `d:\web-development\striae\dataconnect`
 {"metadata":{"emulator":{"name":"dataconnect"},"message":"E0107 09:57:00.106196   12888 load.go:23] Could not load config from \"d:\\\\web-development\\\\striae\\\\dataconnect\": could not find dataconnect.yaml in `d:\\web-development\\striae\\dataconnect`\n"}}
[debug] [2025-01-07T17:57:10.107Z] E0107 09:57:10.106506   12888 load.go:23] Could not load config from "d:\\web-development\\striae\\dataconnect": could not find dataconnect.yaml in `d:\web-development\striae\dataconnect`
 {"metadata":{"emulator":{"name":"dataconnect"},"message":"E0107 09:57:10.106506   12888 load.go:23] Could not load config from \"d:\\\\web-development\\\\striae\\\\dataconnect\": could not find dataconnect.yaml in `d:\\web-development\\striae\\dataconnect`\n"}}
[debug] [2025-01-07T17:57:20.106Z] E0107 09:57:20.105491   12888 load.go:23] Could not load config from "d:\\web-development\\striae\\dataconnect": could not find dataconnect.yaml in `d:\web-development\striae\dataconnect`
 {"metadata":{"emulator":{"name":"dataconnect"},"message":"E0107 09:57:20.105491   12888 load.go:23] Could not load config from \"d:\\\\web-development\\\\striae\\\\dataconnect\": could not find dataconnect.yaml in `d:\\web-development\\striae\\dataconnect`\n"}}
[debug] [2025-01-07T17:57:30.106Z] E0107 09:57:30.106534   12888 load.go:23] Could not load config from "d:\\web-development\\striae\\dataconnect": could not find dataconnect.yaml in `d:\web-development\striae\dataconnect`
 {"metadata":{"emulator":{"name":"dataconnect"},"message":"E0107 09:57:30.106534   12888 load.go:23] Could not load config from \"d:\\\\web-development\\\\striae\\\\dataconnect\": could not find dataconnect.yaml in `d:\\web-development\\striae\\dataconnect`\n"}}
[debug] [2025-01-07T17:57:40.105Z] E0107 09:57:40.104989   12888 load.go:23] Could not load config from "d:\\web-development\\striae\\dataconnect": could not find dataconnect.yaml in `d:\web-development\striae\dataconnect`
 {"metadata":{"emulator":{"name":"dataconnect"},"message":"E0107 09:57:40.104989   12888 load.go:23] Could not load config from \"d:\\\\web-development\\\\striae\\\\dataconnect\": could not find dataconnect.yaml in `d:\\web-development\\striae\\dataconnect`\n"}}
[debug] [2025-01-07T17:57:40.105Z] E0107 09:57:40.104989   12888 watch.go:75] watchAllDir unable to walk dir `d:\web-development\striae\dataconnect`: on path "d:\\web-development\\striae\\dataconnect" (DirEntry: <nil>): CreateFile d:\web-development\striae\dataconnect: The system cannot find the file specified.
 {"metadata":{"emulator":{"name":"dataconnect"},"message":"E0107 09:57:40.104989   12888 watch.go:75] watchAllDir unable to walk dir `d:\\web-development\\striae\\dataconnect`: on path \"d:\\\\web-development\\\\striae\\\\dataconnect\" (DirEntry: <nil>): CreateFile d:\\web-development\\striae\\dataconnect: The system cannot find the file specified.\n"}}
[debug] [2025-01-07T17:57:50.108Z] E0107 09:57:50.107683   12888 load.go:23] Could not load config from "d:\\web-development\\striae\\dataconnect": could not find dataconnect.yaml in `d:\web-development\striae\dataconnect`
 {"metadata":{"emulator":{"name":"dataconnect"},"message":"E0107 09:57:50.107683   12888 load.go:23] Could not load config from \"d:\\\\web-development\\\\striae\\\\dataconnect\": could not find dataconnect.yaml in `d:\\web-development\\striae\\dataconnect`\n"}}
[debug] [2025-01-07T17:58:00.105Z] E0107 09:58:00.105085   12888 load.go:23] Could not load config from "d:\\web-development\\striae\\dataconnect": could not find dataconnect.yaml in `d:\web-development\striae\dataconnect`
 {"metadata":{"emulator":{"name":"dataconnect"},"message":"E0107 09:58:00.105085   12888 load.go:23] Could not load config from \"d:\\\\web-development\\\\striae\\\\dataconnect\": could not find dataconnect.yaml in `d:\\web-development\\striae\\dataconnect`\n"}}
[debug] [2025-01-07T17:58:10.106Z] E0107 09:58:10.105554   12888 load.go:23] Could not load config from "d:\\web-development\\striae\\dataconnect": could not find dataconnect.yaml in `d:\web-development\striae\dataconnect`
 {"metadata":{"emulator":{"name":"dataconnect"},"message":"E0107 09:58:10.105554   12888 load.go:23] Could not load config from \"d:\\\\web-development\\\\striae\\\\dataconnect\": could not find dataconnect.yaml in `d:\\web-development\\striae\\dataconnect`\n"}}
[debug] [2025-01-07T17:58:20.105Z] E0107 09:58:20.104877   12888 load.go:23] Could not load config from "d:\\web-development\\striae\\dataconnect": could not find dataconnect.yaml in `d:\web-development\striae\dataconnect`
 {"metadata":{"emulator":{"name":"dataconnect"},"message":"E0107 09:58:20.104877   12888 load.go:23] Could not load config from \"d:\\\\web-development\\\\striae\\\\dataconnect\": could not find dataconnect.yaml in `d:\\web-development\\striae\\dataconnect`\n"}}
[debug] [2025-01-07T17:58:30.105Z] E0107 09:58:30.105334   12888 load.go:23] Could not load config from "d:\\web-development\\striae\\dataconnect": could not find dataconnect.yaml in `d:\web-development\striae\dataconnect`
 {"metadata":{"emulator":{"name":"dataconnect"},"message":"E0107 09:58:30.105334   12888 load.go:23] Could not load config from \"d:\\\\web-development\\\\striae\\\\dataconnect\": could not find dataconnect.yaml in `d:\\web-development\\striae\\dataconnect`\n"}}
[debug] [2025-01-07T17:58:40.104Z] E0107 09:58:40.104675   12888 load.go:23] Could not load config from "d:\\web-development\\striae\\dataconnect": could not find dataconnect.yaml in `d:\web-development\striae\dataconnect`
 {"metadata":{"emulator":{"name":"dataconnect"},"message":"E0107 09:58:40.104675   12888 load.go:23] Could not load config from \"d:\\\\web-development\\\\striae\\\\dataconnect\": could not find dataconnect.yaml in `d:\\web-development\\striae\\dataconnect`\n"}}
[debug] [2025-01-07T17:58:50.105Z] E0107 09:58:50.104617   12888 load.go:23] Could not load config from "d:\\web-development\\striae\\dataconnect": could not find dataconnect.yaml in `d:\web-development\striae\dataconnect`
 {"metadata":{"emulator":{"name":"dataconnect"},"message":"E0107 09:58:50.104617   12888 load.go:23] Could not load config from \"d:\\\\web-development\\\\striae\\\\dataconnect\": could not find dataconnect.yaml in `d:\\web-development\\striae\\dataconnect`\n"}}
[debug] [2025-01-07T17:59:00.104Z] E0107 09:59:00.104155   12888 load.go:23] Could not load config from "d:\\web-development\\striae\\dataconnect": could not find dataconnect.yaml in `d:\web-development\striae\dataconnect`
 {"metadata":{"emulator":{"name":"dataconnect"},"message":"E0107 09:59:00.104155   12888 load.go:23] Could not load config from \"d:\\\\web-development\\\\striae\\\\dataconnect\": could not find dataconnect.yaml in `d:\\web-development\\striae\\dataconnect`\n"}}
[debug] [2025-01-07T17:59:10.102Z] E0107 09:59:10.102711   12888 load.go:23] Could not load config from "d:\\web-development\\striae\\dataconnect": could not find dataconnect.yaml in `d:\web-development\striae\dataconnect`
 {"metadata":{"emulator":{"name":"dataconnect"},"message":"E0107 09:59:10.102711   12888 load.go:23] Could not load config from \"d:\\\\web-development\\\\striae\\\\dataconnect\": could not find dataconnect.yaml in `d:\\web-development\\striae\\dataconnect`\n"}}
[debug] [2025-01-07T17:59:20.106Z] E0107 09:59:20.106095   12888 load.go:23] Could not load config from "d:\\web-development\\striae\\dataconnect": could not find dataconnect.yaml in `d:\web-development\striae\dataconnect`
 {"metadata":{"emulator":{"name":"dataconnect"},"message":"E0107 09:59:20.106095   12888 load.go:23] Could not load config from \"d:\\\\web-development\\\\striae\\\\dataconnect\": could not find dataconnect.yaml in `d:\\web-development\\striae\\dataconnect`\n"}}
[debug] [2025-01-07T17:59:30.109Z] E0107 09:59:30.109472   12888 load.go:23] Could not load config from "d:\\web-development\\striae\\dataconnect": could not find dataconnect.yaml in `d:\web-development\striae\dataconnect`
 {"metadata":{"emulator":{"name":"dataconnect"},"message":"E0107 09:59:30.109472   12888 load.go:23] Could not load config from \"d:\\\\web-development\\\\striae\\\\dataconnect\": could not find dataconnect.yaml in `d:\\web-development\\striae\\dataconnect`\n"}}
[debug] [2025-01-07T17:59:40.092Z] E0107 09:59:40.103710   12888 load.go:23] Could not load config from "d:\\web-development\\striae\\dataconnect": could not find dataconnect.yaml in `d:\web-development\striae\dataconnect`
 {"metadata":{"emulator":{"name":"dataconnect"},"message":"E0107 09:59:40.103710   12888 load.go:23] Could not load config from \"d:\\\\web-development\\\\striae\\\\dataconnect\": could not find dataconnect.yaml in `d:\\web-development\\striae\\dataconnect`\n"}}
[debug] [2025-01-07T17:59:40.092Z] E0107 09:59:40.103710   12888 watch.go:75] watchAllDir unable to walk dir `d:\web-development\striae\dataconnect`: on path "d:\\web-development\\striae\\dataconnect" (DirEntry: <nil>): CreateFile d:\web-development\striae\dataconnect: The system cannot find the file specified.
 {"metadata":{"emulator":{"name":"dataconnect"},"message":"E0107 09:59:40.103710   12888 watch.go:75] watchAllDir unable to walk dir `d:\\web-development\\striae\\dataconnect`: on path \"d:\\\\web-development\\\\striae\\\\dataconnect\" (DirEntry: <nil>): CreateFile d:\\web-development\\striae\\dataconnect: The system cannot find the file specified.\n"}}
[debug] [2025-01-07T17:59:50.092Z] E0107 09:59:50.103748   12888 load.go:23] Could not load config from "d:\\web-development\\striae\\dataconnect": could not find dataconnect.yaml in `d:\web-development\striae\dataconnect`
 {"metadata":{"emulator":{"name":"dataconnect"},"message":"E0107 09:59:50.103748   12888 load.go:23] Could not load config from \"d:\\\\web-development\\\\striae\\\\dataconnect\": could not find dataconnect.yaml in `d:\\web-development\\striae\\dataconnect`\n"}}
[debug] [2025-01-07T18:00:00.091Z] E0107 10:00:00.103279   12888 load.go:23] Could not load config from "d:\\web-development\\striae\\dataconnect": could not find dataconnect.yaml in `d:\web-development\striae\dataconnect`
 {"metadata":{"emulator":{"name":"dataconnect"},"message":"E0107 10:00:00.103279   12888 load.go:23] Could not load config from \"d:\\\\web-development\\\\striae\\\\dataconnect\": could not find dataconnect.yaml in `d:\\web-development\\striae\\dataconnect`\n"}}
[debug] [2025-01-07T18:00:10.093Z] E0107 10:00:10.105209   12888 load.go:23] Could not load config from "d:\\web-development\\striae\\dataconnect": could not find dataconnect.yaml in `d:\web-development\striae\dataconnect`
 {"metadata":{"emulator":{"name":"dataconnect"},"message":"E0107 10:00:10.105209   12888 load.go:23] Could not load config from \"d:\\\\web-development\\\\striae\\\\dataconnect\": could not find dataconnect.yaml in `d:\\web-development\\striae\\dataconnect`\n"}}
[debug] [2025-01-07T18:00:20.092Z] E0107 10:00:20.104106   12888 load.go:23] Could not load config from "d:\\web-development\\striae\\dataconnect": could not find dataconnect.yaml in `d:\web-development\striae\dataconnect`
 {"metadata":{"emulator":{"name":"dataconnect"},"message":"E0107 10:00:20.104106   12888 load.go:23] Could not load config from \"d:\\\\web-development\\\\striae\\\\dataconnect\": could not find dataconnect.yaml in `d:\\web-development\\striae\\dataconnect`\n"}}
[debug] [2025-01-07T18:00:30.096Z] E0107 10:00:30.107835   12888 load.go:23] Could not load config from "d:\\web-development\\striae\\dataconnect": could not find dataconnect.yaml in `d:\web-development\striae\dataconnect`
 {"metadata":{"emulator":{"name":"dataconnect"},"message":"E0107 10:00:30.107835   12888 load.go:23] Could not load config from \"d:\\\\web-development\\\\striae\\\\dataconnect\": could not find dataconnect.yaml in `d:\\web-development\\striae\\dataconnect`\n"}}
[debug] [2025-01-07T18:00:40.098Z] E0107 10:00:40.098885   12888 load.go:23] Could not load config from "d:\\web-development\\striae\\dataconnect": could not find dataconnect.yaml in `d:\web-development\striae\dataconnect`
 {"metadata":{"emulator":{"name":"dataconnect"},"message":"E0107 10:00:40.098885   12888 load.go:23] Could not load config from \"d:\\\\web-development\\\\striae\\\\dataconnect\": could not find dataconnect.yaml in `d:\\web-development\\striae\\dataconnect`\n"}}
[debug] [2025-01-07T18:00:50.104Z] E0107 10:00:50.104537   12888 load.go:23] Could not load config from "d:\\web-development\\striae\\dataconnect": could not find dataconnect.yaml in `d:\web-development\striae\dataconnect`
 {"metadata":{"emulator":{"name":"dataconnect"},"message":"E0107 10:00:50.104537   12888 load.go:23] Could not load config from \"d:\\\\web-development\\\\striae\\\\dataconnect\": could not find dataconnect.yaml in `d:\\web-development\\striae\\dataconnect`\n"}}
[debug] [2025-01-07T18:01:00.103Z] E0107 10:01:00.103421   12888 load.go:23] Could not load config from "d:\\web-development\\striae\\dataconnect": could not find dataconnect.yaml in `d:\web-development\striae\dataconnect`
 {"metadata":{"emulator":{"name":"dataconnect"},"message":"E0107 10:01:00.103421   12888 load.go:23] Could not load config from \"d:\\\\web-development\\\\striae\\\\dataconnect\": could not find dataconnect.yaml in `d:\\web-development\\striae\\dataconnect`\n"}}
[debug] [2025-01-07T18:01:10.105Z] E0107 10:01:10.105231   12888 load.go:23] Could not load config from "d:\\web-development\\striae\\dataconnect": could not find dataconnect.yaml in `d:\web-development\striae\dataconnect`
 {"metadata":{"emulator":{"name":"dataconnect"},"message":"E0107 10:01:10.105231   12888 load.go:23] Could not load config from \"d:\\\\web-development\\\\striae\\\\dataconnect\": could not find dataconnect.yaml in `d:\\web-development\\striae\\dataconnect`\n"}}
[debug] [2025-01-07T18:01:20.102Z] E0107 10:01:20.102522   12888 load.go:23] Could not load config from "d:\\web-development\\striae\\dataconnect": could not find dataconnect.yaml in `d:\web-development\striae\dataconnect`
 {"metadata":{"emulator":{"name":"dataconnect"},"message":"E0107 10:01:20.102522   12888 load.go:23] Could not load config from \"d:\\\\web-development\\\\striae\\\\dataconnect\": could not find dataconnect.yaml in `d:\\web-development\\striae\\dataconnect`\n"}}
[debug] [2025-01-07T18:01:30.103Z] E0107 10:01:30.103721   12888 load.go:23] Could not load config from "d:\\web-development\\striae\\dataconnect": could not find dataconnect.yaml in `d:\web-development\striae\dataconnect`
 {"metadata":{"emulator":{"name":"dataconnect"},"message":"E0107 10:01:30.103721   12888 load.go:23] Could not load config from \"d:\\\\web-development\\\\striae\\\\dataconnect\": could not find dataconnect.yaml in `d:\\web-development\\striae\\dataconnect`\n"}}
[debug] [2025-01-07T18:01:40.104Z] E0107 10:01:40.104388   12888 load.go:23] Could not load config from "d:\\web-development\\striae\\dataconnect": could not find dataconnect.yaml in `d:\web-development\striae\dataconnect`
 {"metadata":{"emulator":{"name":"dataconnect"},"message":"E0107 10:01:40.104388   12888 load.go:23] Could not load config from \"d:\\\\web-development\\\\striae\\\\dataconnect\": could not find dataconnect.yaml in `d:\\web-development\\striae\\dataconnect`\n"}}
[debug] [2025-01-07T18:01:40.106Z] E0107 10:01:40.104974   12888 watch.go:75] watchAllDir unable to walk dir `d:\web-development\striae\dataconnect`: on path "d:\\web-development\\striae\\dataconnect" (DirEntry: <nil>): CreateFile d:\web-development\striae\dataconnect: The system cannot find the file specified.
 {"metadata":{"emulator":{"name":"dataconnect"},"message":"E0107 10:01:40.104974   12888 watch.go:75] watchAllDir unable to walk dir `d:\\web-development\\striae\\dataconnect`: on path \"d:\\\\web-development\\\\striae\\\\dataconnect\" (DirEntry: <nil>): CreateFile d:\\web-development\\striae\\dataconnect: The system cannot find the file specified.\n"}}
[debug] [2025-01-07T18:01:50.101Z] E0107 10:01:50.101936   12888 load.go:23] Could not load config from "d:\\web-development\\striae\\dataconnect": could not find dataconnect.yaml in `d:\web-development\striae\dataconnect`
 {"metadata":{"emulator":{"name":"dataconnect"},"message":"E0107 10:01:50.101936   12888 load.go:23] Could not load config from \"d:\\\\web-development\\\\striae\\\\dataconnect\": could not find dataconnect.yaml in `d:\\web-development\\striae\\dataconnect`\n"}}
[debug] [2025-01-07T18:02:00.105Z] E0107 10:02:00.106108   12888 load.go:23] Could not load config from "d:\\web-development\\striae\\dataconnect": could not find dataconnect.yaml in `d:\web-development\striae\dataconnect`
 {"metadata":{"emulator":{"name":"dataconnect"},"message":"E0107 10:02:00.106108   12888 load.go:23] Could not load config from \"d:\\\\web-development\\\\striae\\\\dataconnect\": could not find dataconnect.yaml in `d:\\web-development\\striae\\dataconnect`\n"}}
[debug] [2025-01-07T18:02:10.101Z] E0107 10:02:10.101611   12888 load.go:23] Could not load config from "d:\\web-development\\striae\\dataconnect": could not find dataconnect.yaml in `d:\web-development\striae\dataconnect`
 {"metadata":{"emulator":{"name":"dataconnect"},"message":"E0107 10:02:10.101611   12888 load.go:23] Could not load config from \"d:\\\\web-development\\\\striae\\\\dataconnect\": could not find dataconnect.yaml in `d:\\web-development\\striae\\dataconnect`\n"}}
[debug] [2025-01-07T18:02:20.104Z] E0107 10:02:20.104825   12888 load.go:23] Could not load config from "d:\\web-development\\striae\\dataconnect": could not find dataconnect.yaml in `d:\web-development\striae\dataconnect`
 {"metadata":{"emulator":{"name":"dataconnect"},"message":"E0107 10:02:20.104825   12888 load.go:23] Could not load config from \"d:\\\\web-development\\\\striae\\\\dataconnect\": could not find dataconnect.yaml in `d:\\web-development\\striae\\dataconnect`\n"}}
[debug] [2025-01-07T18:02:30.101Z] E0107 10:02:30.101456   12888 load.go:23] Could not load config from "d:\\web-development\\striae\\dataconnect": could not find dataconnect.yaml in `d:\web-development\striae\dataconnect`
 {"metadata":{"emulator":{"name":"dataconnect"},"message":"E0107 10:02:30.101456   12888 load.go:23] Could not load config from \"d:\\\\web-development\\\\striae\\\\dataconnect\": could not find dataconnect.yaml in `d:\\web-development\\striae\\dataconnect`\n"}}
[debug] [2025-01-07T18:02:40.102Z] E0107 10:02:40.102054   12888 load.go:23] Could not load config from "d:\\web-development\\striae\\dataconnect": could not find dataconnect.yaml in `d:\web-development\striae\dataconnect`
 {"metadata":{"emulator":{"name":"dataconnect"},"message":"E0107 10:02:40.102054   12888 load.go:23] Could not load config from \"d:\\\\web-development\\\\striae\\\\dataconnect\": could not find dataconnect.yaml in `d:\\web-development\\striae\\dataconnect`\n"}}
[debug] [2025-01-07T18:02:50.101Z] E0107 10:02:50.101560   12888 load.go:23] Could not load config from "d:\\web-development\\striae\\dataconnect": could not find dataconnect.yaml in `d:\web-development\striae\dataconnect`
 {"metadata":{"emulator":{"name":"dataconnect"},"message":"E0107 10:02:50.101560   12888 load.go:23] Could not load config from \"d:\\\\web-development\\\\striae\\\\dataconnect\": could not find dataconnect.yaml in `d:\\web-development\\striae\\dataconnect`\n"}}
[debug] [2025-01-07T18:03:00.104Z] E0107 10:03:00.104329   12888 load.go:23] Could not load config from "d:\\web-development\\striae\\dataconnect": could not find dataconnect.yaml in `d:\web-development\striae\dataconnect`
 {"metadata":{"emulator":{"name":"dataconnect"},"message":"E0107 10:03:00.104329   12888 load.go:23] Could not load config from \"d:\\\\web-development\\\\striae\\\\dataconnect\": could not find dataconnect.yaml in `d:\\web-development\\striae\\dataconnect`\n"}}
[debug] [2025-01-07T18:03:10.100Z] E0107 10:03:10.100949   12888 load.go:23] Could not load config from "d:\\web-development\\striae\\dataconnect": could not find dataconnect.yaml in `d:\web-development\striae\dataconnect`
 {"metadata":{"emulator":{"name":"dataconnect"},"message":"E0107 10:03:10.100949   12888 load.go:23] Could not load config from \"d:\\\\web-development\\\\striae\\\\dataconnect\": could not find dataconnect.yaml in `d:\\web-development\\striae\\dataconnect`\n"}}
[debug] [2025-01-07T18:03:20.101Z] E0107 10:03:20.101427   12888 load.go:23] Could not load config from "d:\\web-development\\striae\\dataconnect": could not find dataconnect.yaml in `d:\web-development\striae\dataconnect`
 {"metadata":{"emulator":{"name":"dataconnect"},"message":"E0107 10:03:20.101427   12888 load.go:23] Could not load config from \"d:\\\\web-development\\\\striae\\\\dataconnect\": could not find dataconnect.yaml in `d:\\web-development\\striae\\dataconnect`\n"}}
[debug] [2025-01-07T18:03:30.099Z] E0107 10:03:30.099931   12888 load.go:23] Could not load config from "d:\\web-development\\striae\\dataconnect": could not find dataconnect.yaml in `d:\web-development\striae\dataconnect`
 {"metadata":{"emulator":{"name":"dataconnect"},"message":"E0107 10:03:30.099931   12888 load.go:23] Could not load config from \"d:\\\\web-development\\\\striae\\\\dataconnect\": could not find dataconnect.yaml in `d:\\web-development\\striae\\dataconnect`\n"}}
[debug] [2025-01-07T18:03:40.100Z] E0107 10:03:40.100787   12888 load.go:23] Could not load config from "d:\\web-development\\striae\\dataconnect": could not find dataconnect.yaml in `d:\web-development\striae\dataconnect`
 {"metadata":{"emulator":{"name":"dataconnect"},"message":"E0107 10:03:40.100787   12888 load.go:23] Could not load config from \"d:\\\\web-development\\\\striae\\\\dataconnect\": could not find dataconnect.yaml in `d:\\web-development\\striae\\dataconnect`\n"}}
[debug] [2025-01-07T18:03:40.101Z] E0107 10:03:40.100787   12888 watch.go:75] watchAllDir unable to walk dir `d:\web-development\striae\dataconnect`: on path "d:\\web-development\\striae\\dataconnect" (DirEntry: <nil>): CreateFile d:\web-development\striae\dataconnect: The system cannot find the file specified.
 {"metadata":{"emulator":{"name":"dataconnect"},"message":"E0107 10:03:40.100787   12888 watch.go:75] watchAllDir unable to walk dir `d:\\web-development\\striae\\dataconnect`: on path \"d:\\\\web-development\\\\striae\\\\dataconnect\" (DirEntry: <nil>): CreateFile d:\\web-development\\striae\\dataconnect: The system cannot find the file specified.\n"}}
[debug] [2025-01-07T18:03:50.099Z] E0107 10:03:50.099672   12888 load.go:23] Could not load config from "d:\\web-development\\striae\\dataconnect": could not find dataconnect.yaml in `d:\web-development\striae\dataconnect`
 {"metadata":{"emulator":{"name":"dataconnect"},"message":"E0107 10:03:50.099672   12888 load.go:23] Could not load config from \"d:\\\\web-development\\\\striae\\\\dataconnect\": could not find dataconnect.yaml in `d:\\web-development\\striae\\dataconnect`\n"}}
[debug] [2025-01-07T18:04:00.100Z] E0107 10:04:00.099894   12888 load.go:23] Could not load config from "d:\\web-development\\striae\\dataconnect": could not find dataconnect.yaml in `d:\web-development\striae\dataconnect`
 {"metadata":{"emulator":{"name":"dataconnect"},"message":"E0107 10:04:00.099894   12888 load.go:23] Could not load config from \"d:\\\\web-development\\\\striae\\\\dataconnect\": could not find dataconnect.yaml in `d:\\web-development\\striae\\dataconnect`\n"}}
[debug] [2025-01-07T18:04:10.099Z] E0107 10:04:10.099046   12888 load.go:23] Could not load config from "d:\\web-development\\striae\\dataconnect": could not find dataconnect.yaml in `d:\web-development\striae\dataconnect`
 {"metadata":{"emulator":{"name":"dataconnect"},"message":"E0107 10:04:10.099046   12888 load.go:23] Could not load config from \"d:\\\\web-development\\\\striae\\\\dataconnect\": could not find dataconnect.yaml in `d:\\web-development\\striae\\dataconnect`\n"}}
[debug] [2025-01-07T18:04:20.107Z] E0107 10:04:20.107167   12888 load.go:23] Could not load config from "d:\\web-development\\striae\\dataconnect": could not find dataconnect.yaml in `d:\web-development\striae\dataconnect`
 {"metadata":{"emulator":{"name":"dataconnect"},"message":"E0107 10:04:20.107167   12888 load.go:23] Could not load config from \"d:\\\\web-development\\\\striae\\\\dataconnect\": could not find dataconnect.yaml in `d:\\web-development\\striae\\dataconnect`\n"}}
[debug] [2025-01-07T18:04:30.103Z] E0107 10:04:30.102636   12888 load.go:23] Could not load config from "d:\\web-development\\striae\\dataconnect": could not find dataconnect.yaml in `d:\web-development\striae\dataconnect`
 {"metadata":{"emulator":{"name":"dataconnect"},"message":"E0107 10:04:30.102636   12888 load.go:23] Could not load config from \"d:\\\\web-development\\\\striae\\\\dataconnect\": could not find dataconnect.yaml in `d:\\web-development\\striae\\dataconnect`\n"}}
[debug] [2025-01-07T18:04:40.100Z] E0107 10:04:40.100196   12888 load.go:23] Could not load config from "d:\\web-development\\striae\\dataconnect": could not find dataconnect.yaml in `d:\web-development\striae\dataconnect`
 {"metadata":{"emulator":{"name":"dataconnect"},"message":"E0107 10:04:40.100196   12888 load.go:23] Could not load config from \"d:\\\\web-development\\\\striae\\\\dataconnect\": could not find dataconnect.yaml in `d:\\web-development\\striae\\dataconnect`\n"}}
[debug] [2025-01-07T18:04:50.106Z] E0107 10:04:50.109405   12888 load.go:23] Could not load config from "d:\\web-development\\striae\\dataconnect": could not find dataconnect.yaml in `d:\web-development\striae\dataconnect`
 {"metadata":{"emulator":{"name":"dataconnect"},"message":"E0107 10:04:50.109405   12888 load.go:23] Could not load config from \"d:\\\\web-development\\\\striae\\\\dataconnect\": could not find dataconnect.yaml in `d:\\web-development\\striae\\dataconnect`\n"}}
[debug] [2025-01-07T18:05:00.107Z] E0107 10:05:00.110915   12888 load.go:23] Could not load config from "d:\\web-development\\striae\\dataconnect": could not find dataconnect.yaml in `d:\web-development\striae\dataconnect`
 {"metadata":{"emulator":{"name":"dataconnect"},"message":"E0107 10:05:00.110915   12888 load.go:23] Could not load config from \"d:\\\\web-development\\\\striae\\\\dataconnect\": could not find dataconnect.yaml in `d:\\web-development\\striae\\dataconnect`\n"}}
[debug] [2025-01-07T18:05:10.111Z] E0107 10:05:10.114238   12888 load.go:23] Could not load config from "d:\\web-development\\striae\\dataconnect": could not find dataconnect.yaml in `d:\web-development\striae\dataconnect`
 {"metadata":{"emulator":{"name":"dataconnect"},"message":"E0107 10:05:10.114238   12888 load.go:23] Could not load config from \"d:\\\\web-development\\\\striae\\\\dataconnect\": could not find dataconnect.yaml in `d:\\web-development\\striae\\dataconnect`\n"}}
[debug] [2025-01-07T18:05:20.096Z] E0107 10:05:20.099370   12888 load.go:23] Could not load config from "d:\\web-development\\striae\\dataconnect": could not find dataconnect.yaml in `d:\web-development\striae\dataconnect`
 {"metadata":{"emulator":{"name":"dataconnect"},"message":"E0107 10:05:20.099370   12888 load.go:23] Could not load config from \"d:\\\\web-development\\\\striae\\\\dataconnect\": could not find dataconnect.yaml in `d:\\web-development\\striae\\dataconnect`\n"}}
[debug] [2025-01-07T18:05:30.096Z] E0107 10:05:30.099376   12888 load.go:23] Could not load config from "d:\\web-development\\striae\\dataconnect": could not find dataconnect.yaml in `d:\web-development\striae\dataconnect`
 {"metadata":{"emulator":{"name":"dataconnect"},"message":"E0107 10:05:30.099376   12888 load.go:23] Could not load config from \"d:\\\\web-development\\\\striae\\\\dataconnect\": could not find dataconnect.yaml in `d:\\web-development\\striae\\dataconnect`\n"}}
[debug] [2025-01-07T18:05:40.103Z] E0107 10:05:40.105911   12888 load.go:23] Could not load config from "d:\\web-development\\striae\\dataconnect": could not find dataconnect.yaml in `d:\web-development\striae\dataconnect`
 {"metadata":{"emulator":{"name":"dataconnect"},"message":"E0107 10:05:40.105911   12888 load.go:23] Could not load config from \"d:\\\\web-development\\\\striae\\\\dataconnect\": could not find dataconnect.yaml in `d:\\web-development\\striae\\dataconnect`\n"}}
[debug] [2025-01-07T18:05:40.105Z] E0107 10:05:40.106733   12888 watch.go:75] watchAllDir unable to walk dir `d:\web-development\striae\dataconnect`: on path "d:\\web-development\\striae\\dataconnect" (DirEntry: <nil>): CreateFile d:\web-development\striae\dataconnect: The system cannot find the file specified.
 {"metadata":{"emulator":{"name":"dataconnect"},"message":"E0107 10:05:40.106733   12888 watch.go:75] watchAllDir unable to walk dir `d:\\web-development\\striae\\dataconnect`: on path \"d:\\\\web-development\\\\striae\\\\dataconnect\" (DirEntry: <nil>): CreateFile d:\\web-development\\striae\\dataconnect: The system cannot find the file specified.\n"}}
[debug] [2025-01-07T18:05:50.102Z] E0107 10:05:50.101833   12888 load.go:23] Could not load config from "d:\\web-development\\striae\\dataconnect": could not find dataconnect.yaml in `d:\web-development\striae\dataconnect`
 {"metadata":{"emulator":{"name":"dataconnect"},"message":"E0107 10:05:50.101833   12888 load.go:23] Could not load config from \"d:\\\\web-development\\\\striae\\\\dataconnect\": could not find dataconnect.yaml in `d:\\web-development\\striae\\dataconnect`\n"}}
[debug] [2025-01-07T18:06:00.099Z] E0107 10:06:00.099939   12888 load.go:23] Could not load config from "d:\\web-development\\striae\\dataconnect": could not find dataconnect.yaml in `d:\web-development\striae\dataconnect`
 {"metadata":{"emulator":{"name":"dataconnect"},"message":"E0107 10:06:00.099939   12888 load.go:23] Could not load config from \"d:\\\\web-development\\\\striae\\\\dataconnect\": could not find dataconnect.yaml in `d:\\web-development\\striae\\dataconnect`\n"}}
[debug] [2025-01-07T18:06:10.106Z] E0107 10:06:10.107062   12888 load.go:23] Could not load config from "d:\\web-development\\striae\\dataconnect": could not find dataconnect.yaml in `d:\web-development\striae\dataconnect`
 {"metadata":{"emulator":{"name":"dataconnect"},"message":"E0107 10:06:10.107062   12888 load.go:23] Could not load config from \"d:\\\\web-development\\\\striae\\\\dataconnect\": could not find dataconnect.yaml in `d:\\web-development\\striae\\dataconnect`\n"}}
[debug] [2025-01-07T18:06:20.108Z] E0107 10:06:20.108529   12888 load.go:23] Could not load config from "d:\\web-development\\striae\\dataconnect": could not find dataconnect.yaml in `d:\web-development\striae\dataconnect`
 {"metadata":{"emulator":{"name":"dataconnect"},"message":"E0107 10:06:20.108529   12888 load.go:23] Could not load config from \"d:\\\\web-development\\\\striae\\\\dataconnect\": could not find dataconnect.yaml in `d:\\web-development\\striae\\dataconnect`\n"}}
[debug] [2025-01-07T18:06:30.102Z] E0107 10:06:30.102279   12888 load.go:23] Could not load config from "d:\\web-development\\striae\\dataconnect": could not find dataconnect.yaml in `d:\web-development\striae\dataconnect`
 {"metadata":{"emulator":{"name":"dataconnect"},"message":"E0107 10:06:30.102279   12888 load.go:23] Could not load config from \"d:\\\\web-development\\\\striae\\\\dataconnect\": could not find dataconnect.yaml in `d:\\web-development\\striae\\dataconnect`\n"}}
[debug] [2025-01-07T18:06:40.104Z] E0107 10:06:40.104192   12888 load.go:23] Could not load config from "d:\\web-development\\striae\\dataconnect": could not find dataconnect.yaml in `d:\web-development\striae\dataconnect`
 {"metadata":{"emulator":{"name":"dataconnect"},"message":"E0107 10:06:40.104192   12888 load.go:23] Could not load config from \"d:\\\\web-development\\\\striae\\\\dataconnect\": could not find dataconnect.yaml in `d:\\web-development\\striae\\dataconnect`\n"}}
[debug] [2025-01-07T18:06:50.112Z] E0107 10:06:50.112037   12888 load.go:23] Could not load config from "d:\\web-development\\striae\\dataconnect": could not find dataconnect.yaml in `d:\web-development\striae\dataconnect`
 {"metadata":{"emulator":{"name":"dataconnect"},"message":"E0107 10:06:50.112037   12888 load.go:23] Could not load config from \"d:\\\\web-development\\\\striae\\\\dataconnect\": could not find dataconnect.yaml in `d:\\web-development\\striae\\dataconnect`\n"}}
[debug] [2025-01-07T18:07:00.103Z] E0107 10:07:00.103560   12888 load.go:23] Could not load config from "d:\\web-development\\striae\\dataconnect": could not find dataconnect.yaml in `d:\web-development\striae\dataconnect`
 {"metadata":{"emulator":{"name":"dataconnect"},"message":"E0107 10:07:00.103560   12888 load.go:23] Could not load config from \"d:\\\\web-development\\\\striae\\\\dataconnect\": could not find dataconnect.yaml in `d:\\web-development\\striae\\dataconnect`\n"}}
[debug] [2025-01-07T18:07:10.113Z] E0107 10:07:10.113755   12888 load.go:23] Could not load config from "d:\\web-development\\striae\\dataconnect": could not find dataconnect.yaml in `d:\web-development\striae\dataconnect`
 {"metadata":{"emulator":{"name":"dataconnect"},"message":"E0107 10:07:10.113755   12888 load.go:23] Could not load config from \"d:\\\\web-development\\\\striae\\\\dataconnect\": could not find dataconnect.yaml in `d:\\web-development\\striae\\dataconnect`\n"}}
[debug] [2025-01-07T18:07:20.106Z] E0107 10:07:20.106079   12888 load.go:23] Could not load config from "d:\\web-development\\striae\\dataconnect": could not find dataconnect.yaml in `d:\web-development\striae\dataconnect`
 {"metadata":{"emulator":{"name":"dataconnect"},"message":"E0107 10:07:20.106079   12888 load.go:23] Could not load config from \"d:\\\\web-development\\\\striae\\\\dataconnect\": could not find dataconnect.yaml in `d:\\web-development\\striae\\dataconnect`\n"}}
[debug] [2025-01-07T18:07:30.112Z] E0107 10:07:30.112152   12888 load.go:23] Could not load config from "d:\\web-development\\striae\\dataconnect": could not find dataconnect.yaml in `d:\web-development\striae\dataconnect`
 {"metadata":{"emulator":{"name":"dataconnect"},"message":"E0107 10:07:30.112152   12888 load.go:23] Could not load config from \"d:\\\\web-development\\\\striae\\\\dataconnect\": could not find dataconnect.yaml in `d:\\web-development\\striae\\dataconnect`\n"}}
[debug] [2025-01-07T18:07:40.112Z] E0107 10:07:40.112324   12888 load.go:23] Could not load config from "d:\\web-development\\striae\\dataconnect": could not find dataconnect.yaml in `d:\web-development\striae\dataconnect`
 {"metadata":{"emulator":{"name":"dataconnect"},"message":"E0107 10:07:40.112324   12888 load.go:23] Could not load config from \"d:\\\\web-development\\\\striae\\\\dataconnect\": could not find dataconnect.yaml in `d:\\web-development\\striae\\dataconnect`\n"}}
[debug] [2025-01-07T18:07:40.112Z] E0107 10:07:40.112324   12888 watch.go:75] watchAllDir unable to walk dir `d:\web-development\striae\dataconnect`: on path "d:\\web-development\\striae\\dataconnect" (DirEntry: <nil>): CreateFile d:\web-development\striae\dataconnect: The system cannot find the file specified.
 {"metadata":{"emulator":{"name":"dataconnect"},"message":"E0107 10:07:40.112324   12888 watch.go:75] watchAllDir unable to walk dir `d:\\web-development\\striae\\dataconnect`: on path \"d:\\\\web-development\\\\striae\\\\dataconnect\" (DirEntry: <nil>): CreateFile d:\\web-development\\striae\\dataconnect: The system cannot find the file specified.\n"}}
